# JRE version: Java(TM) SE Runtime Environment (8.0_301-b09) (build 1.8.0_301-b09)
# Java VM: Java HotSpot(TM) 64-Bit Server VM (25.301-b09 mixed mode windows-amd64 compressed oops)
Heap:
 PSYoungGen      total 8192K, used 2040K [0x00000000eb580000, 0x00000000ec580000, 0x0000000100000000)
  eden space 6144K, 0% used [0x00000000eb580000,0x00000000eb580000,0x00000000ebb80000)
  from space 2048K, 99% used [0x00000000ec380000,0x00000000ec57e000,0x00000000ec580000)
  to   space 512K, 0% used [0x00000000ebb80000,0x00000000ebb80000,0x00000000ebc00000)
 ParOldGen       total 5632K, used 3947K [0x00000000c2000000, 0x00000000c2580000, 0x00000000eb580000)
  object space 5632K, 70% used [0x00000000c2000000,0x00000000c23dafe0,0x00000000c2580000)
 Metaspace       used 7403K, capacity 8308K, committed 8448K, reserved 1056768K
  class space    used 888K, capacity 944K, committed 1024K, reserved 1048576K
GC Heap History (10 events):
Event: 0.117 GC heap before
{Heap before GC invocations=1 (full 0):
 PSYoungGen      total 2048K, used 1512K [0x00000000eb580000, 0x00000000eb800000, 0x0000000100000000)
  eden space 1536K, 98% used [0x00000000eb580000,0x00000000eb6fa008,0x00000000eb700000)
  from space 512K, 0% used [0x00000000eb780000,0x00000000eb780000,0x00000000eb800000)
  to   space 512K, 0% used [0x00000000eb700000,0x00000000eb700000,0x00000000eb780000)
 ParOldGen       total 5632K, used 0K [0x00000000c2000000, 0x00000000c2580000, 0x00000000eb580000)
  object space 5632K, 0% used [0x00000000c2000000,0x00000000c2000000,0x00000000c2580000)
 Metaspace       used 3249K, capacity 4812K, committed 5120K, reserved 1056768K
  class space    used 375K, capacity 456K, committed 512K, reserved 1048576K
Event: 0.119 GC heap after
Heap after GC invocations=1 (full 0):
 PSYoungGen      total 2048K, used 511K [0x00000000eb580000, 0x00000000eb980000, 0x0000000100000000)
  eden space 1536K, 0% used [0x00000000eb580000,0x00000000eb580000,0x00000000eb700000)
  from space 512K, 99% used [0x00000000eb700000,0x00000000eb77fc30,0x00000000eb780000)
  to   space 512K, 0% used [0x00000000eb900000,0x00000000eb900000,0x00000000eb980000)
 ParOldGen       total 5632K, used 32K [0x00000000c2000000, 0x00000000c2580000, 0x00000000eb580000)
  object space 5632K, 0% used [0x00000000c2000000,0x00000000c2008000,0x00000000c2580000)
 Metaspace       used 3249K, capacity 4812K, committed 5120K, reserved 1056768K
  class space    used 375K, capacity 456K, committed 512K, reserved 1048576K
}
Event: 0.157 GC heap before
{Heap before GC invocations=2 (full 0):
 PSYoungGen      total 2048K, used 2047K [0x00000000eb580000, 0x00000000eb980000, 0x0000000100000000)
  eden space 1536K, 100% used [0x00000000eb580000,0x00000000eb700000,0x00000000eb700000)
  from space 512K, 99% used [0x00000000eb700000,0x00000000eb77fc30,0x00000000eb780000)
  to   space 512K, 0% used [0x00000000eb900000,0x00000000eb900000,0x00000000eb980000)
 ParOldGen       total 5632K, used 32K [0x00000000c2000000, 0x00000000c2580000, 0x00000000eb580000)
  object space 5632K, 0% used [0x00000000c2000000,0x00000000c2008000,0x00000000c2580000)
 Metaspace       used 4000K, capacity 5388K, committed 5760K, reserved 1056768K
  class space    used 472K, capacity 520K, committed 640K, reserved 1048576K
Event: 0.158 GC heap after
Heap after GC invocations=2 (full 0):
 PSYoungGen      total 3584K, used 512K [0x00000000eb580000, 0x00000000eb980000, 0x0000000100000000)
  eden space 3072K, 0% used [0x00000000eb580000,0x00000000eb580000,0x00000000eb880000)
  from space 512K, 100% used [0x00000000eb900000,0x00000000eb980000,0x00000000eb980000)
  to   space 512K, 0% used [0x00000000eb880000,0x00000000eb880000,0x00000000eb900000)
 ParOldGen       total 5632K, used 96K [0x00000000c2000000, 0x00000000c2580000, 0x00000000eb580000)
  object space 5632K, 1% used [0x00000000c2000000,0x00000000c2018000,0x00000000c2580000)
 Metaspace       used 4000K, capacity 5388K, committed 5760K, reserved 1056768K
  class space    used 472K, capacity 520K, committed 640K, reserved 1048576K
}
Event: 0.202 GC heap before
{Heap before GC invocations=3 (full 0):
 PSYoungGen      total 3584K, used 3564K [0x00000000eb580000, 0x00000000eb980000, 0x0000000100000000)
  eden space 3072K, 99% used [0x00000000eb580000,0x00000000eb87b0f0,0x00000000eb880000)
  from space 512K, 100% used [0x00000000eb900000,0x00000000eb980000,0x00000000eb980000)
  to   space 512K, 0% used [0x00000000eb880000,0x00000000eb880000,0x00000000eb900000)
 ParOldGen       total 5632K, used 96K [0x00000000c2000000, 0x00000000c2580000, 0x00000000eb580000)
  object space 5632K, 1% used [0x00000000c2000000,0x00000000c2018000,0x00000000c2580000)
 Metaspace       used 4948K, capacity 6220K, committed 6400K, reserved 1056768K
  class space    used 609K, capacity 648K, committed 768K, reserved 1048576K
Event: 0.203 GC heap after
Heap after GC invocations=3 (full 0):
 PSYoungGen      total 3584K, used 511K [0x00000000eb580000, 0x00000000ebc80000, 0x0000000100000000)
  eden space 3072K, 0% used [0x00000000eb580000,0x00000000eb580000,0x00000000eb880000)
  from space 512K, 99% used [0x00000000eb880000,0x00000000eb8ffc10,0x00000000eb900000)
  to   space 512K, 0% used [0x00000000ebc00000,0x00000000ebc00000,0x00000000ebc80000)
 ParOldGen       total 5632K, used 616K [0x00000000c2000000, 0x00000000c2580000, 0x00000000eb580000)
  object space 5632K, 10% used [0x00000000c2000000,0x00000000c209a320,0x00000000c2580000)
 Metaspace       used 4948K, capacity 6220K, committed 6400K, reserved 1056768K
  class space    used 609K, capacity 648K, committed 768K, reserved 1048576K
}
Event: 0.252 GC heap before
{Heap before GC invocations=4 (full 0):
 PSYoungGen      total 3584K, used 3582K [0x00000000eb580000, 0x00000000ebc80000, 0x0000000100000000)
  eden space 3072K, 99% used [0x00000000eb580000,0x00000000eb87ffb0,0x00000000eb880000)
  from space 512K, 99% used [0x00000000eb880000,0x00000000eb8ffc10,0x00000000eb900000)
  to   space 512K, 0% used [0x00000000ebc00000,0x00000000ebc00000,0x00000000ebc80000)
 ParOldGen       total 5632K, used 616K [0x00000000c2000000, 0x00000000c2580000, 0x00000000eb580000)
  object space 5632K, 10% used [0x00000000c2000000,0x00000000c209a320,0x00000000c2580000)
 Metaspace       used 6079K, capacity 7276K, committed 7552K, reserved 1056768K
  class space    used 760K, capacity 808K, committed 896K, reserved 1048576K
Event: 0.253 GC heap after
Heap after GC invocations=4 (full 0):
 PSYoungGen      total 6656K, used 512K [0x00000000eb580000, 0x00000000ebc80000, 0x0000000100000000)
  eden space 6144K, 0% used [0x00000000eb580000,0x00000000eb580000,0x00000000ebb80000)
  from space 512K, 100% used [0x00000000ebc00000,0x00000000ebc80000,0x00000000ebc80000)
  to   space 512K, 0% used [0x00000000ebb80000,0x00000000ebb80000,0x00000000ebc00000)
 ParOldGen       total 5632K, used 952K [0x00000000c2000000, 0x00000000c2580000, 0x00000000eb580000)
  object space 5632K, 16% used [0x00000000c2000000,0x00000000c20ee330,0x00000000c2580000)
 Metaspace       used 6079K, capacity 7276K, committed 7552K, reserved 1056768K
  class space    used 760K, capacity 808K, committed 896K, reserved 1048576K
}
Event: 0.339 GC heap before
{Heap before GC invocations=5 (full 0):
 PSYoungGen      total 6656K, used 6656K [0x00000000eb580000, 0x00000000ebc80000, 0x0000000100000000)
  eden space 6144K, 100% used [0x00000000eb580000,0x00000000ebb80000,0x00000000ebb80000)
  from space 512K, 100% used [0x00000000ebc00000,0x00000000ebc80000,0x00000000ebc80000)
  to   space 512K, 0% used [0x00000000ebb80000,0x00000000ebb80000,0x00000000ebc00000)
 ParOldGen       total 5632K, used 952K [0x00000000c2000000, 0x00000000c2580000, 0x00000000eb580000)
  object space 5632K, 16% used [0x00000000c2000000,0x00000000c20ee330,0x00000000c2580000)
 Metaspace       used 7274K, capacity 8212K, committed 8448K, reserved 1056768K
  class space    used 879K, capacity 912K, committed 1024K, reserved 1048576K
Event: 0.341 GC heap after
Heap after GC invocations=5 (full 0):
 PSYoungGen      total 6656K, used 480K [0x00000000eb580000, 0x00000000ec580000, 0x0000000100000000)
  eden space 6144K, 0% used [0x00000000eb580000,0x00000000eb580000,0x00000000ebb80000)
  from space 512K, 93% used [0x00000000ebb80000,0x00000000ebbf8020,0x00000000ebc00000)
  to   space 2048K, 0% used [0x00000000ec380000,0x00000000ec380000,0x00000000ec580000)
 ParOldGen       total 5632K, used 2258K [0x00000000c2000000, 0x00000000c2580000, 0x00000000eb580000)
  object space 5632K, 40% used [0x00000000c2000000,0x00000000c2234ab8,0x00000000c2580000)
 Metaspace       used 7274K, capacity 8212K, committed 8448K, reserved 1056768K
  class space    used 879K, capacity 912K, committed 1024K, reserved 1048576K
}

